<?xml version="1.0" encoding="UTF-8"?>
<testng-results skipped="0" failed="0" ignored="0" total="1" passed="1">
  <reporter-output>
  </reporter-output>
  <suite name="Default suite" duration-ms="15051" started-at="2020-04-12T17:07:26Z" finished-at="2020-04-12T17:07:41Z">
    <groups>
    </groups>
    <test name="Default test" duration-ms="15051" started-at="2020-04-12T17:07:26Z" finished-at="2020-04-12T17:07:41Z">
      <class name="guru99.gittest.AppTest1">
        <test-method status="PASS" signature="guru99tutorials()[pri:0, instance:guru99.gittest.AppTest1@41e36e46]" name="guru99tutorials" duration-ms="14997" started-at="2020-04-12T17:07:26Z" finished-at="2020-04-12T17:07:41Z">
          <reporter-output>
          </reporter-output>
        </test-method> <!-- guru99tutorials -->
      </class> <!-- guru99.gittest.AppTest1 -->
    </test> <!-- Default test -->
  </suite> <!-- Default suite -->
</testng-results>
